<?xml version="1.0" encoding="UTF-8"?>
<!-- Generated by org.testng.reporters.JUnitXMLReporter -->
<testsuite ignored="0" hostname="Bharani" failures="5" tests="8" name="Linux edge test" time="47.301" errors="0" timestamp="2025-01-30T10:03:44 MYT">
  <testcase classname="oc.Testcases.TC001_Accountcreationtest" name="TC001_validateaccountcreationtest" time="2.682"/>
  <testcase classname="oc.Testcases.TC002_Logintest" name="TC002_logintest" time="2.492"/>
  <testcase classname="oc.Testcases.TC003_LogintestDDT" name="logintestDDT" time="2.826"/>
  <testcase classname="oc.Testcases.TC003_LogintestDDT" name="logintestDDT" time="10.845">
    <failure type="java.lang.AssertionError" message="expected [true] but found [false]">
      <![CDATA[java.lang.AssertionError: expected [true] but found [false]
at oc.Testcases.TC003_LogintestDDT.logintestDDT(TC003_LogintestDDT.java:39)
at java.base/java.util.ArrayList.forEach(ArrayList.java:1597)
... Removed 29 stack frames]]>
    </failure>
  </testcase> <!-- logintestDDT -->
  <testcase classname="oc.Testcases.TC003_LogintestDDT" name="logintestDDT" time="0.031">
    <failure type="java.lang.AssertionError" message="null">
      <![CDATA[java.lang.AssertionError: null
at oc.Testcases.TC003_LogintestDDT.logintestDDT(TC003_LogintestDDT.java:52)
at java.base/java.util.ArrayList.forEach(ArrayList.java:1597)
... Removed 27 stack frames]]>
    </failure>
  </testcase> <!-- logintestDDT -->
  <testcase classname="oc.Testcases.TC003_LogintestDDT" name="logintestDDT" time="0.023">
    <failure type="java.lang.AssertionError" message="null">
      <![CDATA[java.lang.AssertionError: null
at oc.Testcases.TC003_LogintestDDT.logintestDDT(TC003_LogintestDDT.java:52)
at java.base/java.util.ArrayList.forEach(ArrayList.java:1597)
... Removed 27 stack frames]]>
    </failure>
  </testcase> <!-- logintestDDT -->
  <testcase classname="oc.Testcases.TC003_LogintestDDT" name="logintestDDT" time="0.036">
    <failure type="java.lang.AssertionError" message="null">
      <![CDATA[java.lang.AssertionError: null
at oc.Testcases.TC003_LogintestDDT.logintestDDT(TC003_LogintestDDT.java:52)
at java.base/java.util.ArrayList.forEach(ArrayList.java:1597)
... Removed 27 stack frames]]>
    </failure>
  </testcase> <!-- logintestDDT -->
  <testcase classname="oc.Testcases.TC003_LogintestDDT" name="logintestDDT" time="0.026">
    <failure type="java.lang.AssertionError" message="null">
      <![CDATA[java.lang.AssertionError: null
at oc.Testcases.TC003_LogintestDDT.logintestDDT(TC003_LogintestDDT.java:52)
at java.base/java.util.ArrayList.forEach(ArrayList.java:1597)
... Removed 27 stack frames]]>
    </failure>
  </testcase> <!-- logintestDDT -->
</testsuite> <!-- Linux edge test -->
