<?xml version="1.0" encoding="UTF-8"?>
<!-- Generated by org.testng.reporters.JUnitXMLReporter -->
<testsuite ignored="0" hostname="Bharani" failures="0" tests="2" name="Linux chrome test" time="18.128" errors="0" timestamp="2025-01-28T20:34:27 MYT">
  <testcase classname="oc.Testcases.TC001_Accountcreationtest" name="TC001_validateaccountcreationtest" time="2.204"/>
  <testcase classname="oc.Testcases.TC002_Logintest" name="TC002_logintest" time="1.884"/>
</testsuite> <!-- Linux chrome test -->
