<?xml version="1.0" encoding="UTF-8"?>
<testng-results ignored="0" total="2" passed="2" failed="0" skipped="0">
  <reporter-output>
  </reporter-output>
  <suite started-at="2025-02-01T15:04:16 MYT" name="Master Suite" finished-at="2025-02-01T15:04:43 MYT" duration-ms="27765">
    <groups>
    </groups>
    <test started-at="2025-02-01T15:04:16 MYT" name="Test" finished-at="2025-02-01T15:04:43 MYT" duration-ms="27765">
      <class name="oc.Testcases.TC005_Validateorderhistory">
        <test-method is-config="true" signature="setup(java.lang.String,java.lang.String)[pri:0, instance:oc.Testcases.TC005_Validateorderhistory@41d477ed]" started-at="2025-02-01T15:04:31 MYT" name="setup" finished-at="2025-02-01T15:04:36 MYT" duration-ms="5689" status="PASS">
          <params>
            <param index="0">
              <value>
                <![CDATA[windows]]>
              </value>
            </param>
            <param index="1">
              <value>
                <![CDATA[edge]]>
              </value>
            </param>
          </params>
          <reporter-output>
          </reporter-output>
        </test-method> <!-- setup -->
        <test-method signature="TC005Validateorderhistory()[pri:0, instance:oc.Testcases.TC005_Validateorderhistory@41d477ed]" started-at="2025-02-01T15:04:36 MYT" name="TC005Validateorderhistory" finished-at="2025-02-01T15:04:39 MYT" duration-ms="3004" status="PASS">
          <reporter-output>
          </reporter-output>
        </test-method> <!-- TC005Validateorderhistory -->
        <test-method is-config="true" signature="teardown()[pri:0, instance:oc.Testcases.TC005_Validateorderhistory@41d477ed]" started-at="2025-02-01T15:04:39 MYT" name="teardown" finished-at="2025-02-01T15:04:43 MYT" duration-ms="3953" status="PASS">
          <reporter-output>
          </reporter-output>
        </test-method> <!-- teardown -->
      </class> <!-- oc.Testcases.TC005_Validateorderhistory -->
      <class name="oc.Testcases.TC004_Editaccountinfo">
        <test-method is-config="true" signature="setup(java.lang.String,java.lang.String)[pri:0, instance:oc.Testcases.TC004_Editaccountinfo@71d44a3]" started-at="2025-02-01T15:04:16 MYT" name="setup" finished-at="2025-02-01T15:04:23 MYT" duration-ms="6612" status="PASS">
          <params>
            <param index="0">
              <value>
                <![CDATA[windows]]>
              </value>
            </param>
            <param index="1">
              <value>
                <![CDATA[edge]]>
              </value>
            </param>
          </params>
          <reporter-output>
          </reporter-output>
        </test-method> <!-- setup -->
        <test-method signature="TC004_editaccountinfo_telephone()[pri:0, instance:oc.Testcases.TC004_Editaccountinfo@71d44a3]" started-at="2025-02-01T15:04:23 MYT" name="TC004_editaccountinfo_telephone" finished-at="2025-02-01T15:04:27 MYT" duration-ms="4134" status="PASS">
          <reporter-output>
          </reporter-output>
        </test-method> <!-- TC004_editaccountinfo_telephone -->
        <test-method is-config="true" signature="teardown()[pri:0, instance:oc.Testcases.TC004_Editaccountinfo@71d44a3]" started-at="2025-02-01T15:04:27 MYT" name="teardown" finished-at="2025-02-01T15:04:31 MYT" duration-ms="3926" status="PASS">
          <reporter-output>
          </reporter-output>
        </test-method> <!-- teardown -->
      </class> <!-- oc.Testcases.TC004_Editaccountinfo -->
    </test> <!-- Test -->
  </suite> <!-- Master Suite -->
</testng-results>
