<?xml version="1.0" encoding="UTF-8"?>
<testng-results ignored="0" total="1" passed="1" failed="0" skipped="0">
  <reporter-output>
  </reporter-output>
  <suite started-at="2025-02-15T20:18:25 MYT" name="Excel testing Suite" finished-at="2025-02-15T20:37:03 MYT" duration-ms="1118483">
    <groups>
    </groups>
    <test started-at="2025-02-15T20:18:25 MYT" name="Test" finished-at="2025-02-15T20:37:03 MYT" duration-ms="1118483">
      <class name="oc.Testcases.TC006_Excelvalidation">
        <test-method signature="ExceltoExcelcomparison()[pri:0, instance:oc.Testcases.TC006_Excelvalidation@59662a0b]" started-at="2025-02-15T20:18:25 MYT" name="ExceltoExcelcomparison" finished-at="2025-02-15T20:37:03 MYT" duration-ms="1118096" status="PASS">
          <reporter-output>
          </reporter-output>
        </test-method> <!-- ExceltoExcelcomparison -->
      </class> <!-- oc.Testcases.TC006_Excelvalidation -->
    </test> <!-- Test -->
  </suite> <!-- Excel testing Suite -->
</testng-results>
